1591238656650	mozrunner::runner	INFO	Running command: "C:\\Program Files\\Mozilla Firefox\\firefox.exe" "-marionette" "-foreground" "-no-remote" "-profile" "C:\\Users\\13305\\AppData\\Local\\Temp\\rust_mozprofile4ZALjW"
JavaScript error: resource://gre/modules/XULStore.jsm, line 66: Error: Can't find profile directory.
1591238660476	Marionette	INFO	Listening on port 50596
1591238660768	Marionette	WARN	TLS certificate errors will be ignored for this session
1591238670492	Marionette	INFO	Stopped listening on port 50596

###!!! [Child][RunMessage] Error: Channel closing: too late to send/recv, messages will be lost


###!!! [Child][MessageChannel::SendAndWait] Error: Channel error: cannot send/recv

1591238683868	mozrunner::runner	INFO	Running command: "C:\\Program Files\\Mozilla Firefox\\firefox.exe" "-marionette" "-foreground" "-no-remote" "-profile" "C:\\Users\\13305\\AppData\\Local\\Temp\\rust_mozprofile3wJKua"
JavaScript error: resource://gre/modules/XULStore.jsm, line 66: Error: Can't find profile directory.
1591238687233	Marionette	INFO	Listening on port 50655
1591238687485	Marionette	WARN	TLS certificate errors will be ignored for this session
1591238688856	Marionette	INFO	Stopped listening on port 50655

###!!! [Child][RunMessage] Error: Channel closing: too late to send/recv, messages will be lost


###!!! [Child][MessageChannel::SendAndWait] Error: Channel error: cannot send/recv

1591238711826	mozrunner::runner	INFO	Running command: "C:\\Program Files\\Mozilla Firefox\\firefox.exe" "-marionette" "-foreground" "-no-remote" "-profile" "C:\\Users\\13305\\AppData\\Local\\Temp\\rust_mozprofileBtbRbf"
JavaScript error: resource://gre/modules/XULStore.jsm, line 66: Error: Can't find profile directory.
1591238715313	Marionette	INFO	Listening on port 50711
1591238715443	Marionette	WARN	TLS certificate errors will be ignored for this session
1591238784890	Marionette	INFO	Stopped listening on port 50711

###!!! [Child][RunMessage] Error: Channel closing: too late to send/recv, messages will be lost


###!!! [Child][MessageChannel::SendAndWait] Error: Channel error: cannot send/recv

/modules/XULStore.jsm, line 66: Error: Can't find profile directory.
1591238761979	Marionette	INFO	Listening on port 50787
1591238762412	Marionette	WARN	TLS certificate errors will be ignored for this session
1591238772635	Marionette	INFO	Stopped listening on port 50787

###!!! [Child][RunMessage] Error: Channel closing: too late to send/recv, messages will be lost


###!!! [Child][MessageChannel::SendAndWait] Error: Channel error: cannot send/recv

1591238801316	mozrunner::runner	INFO	Running command: "C:\\Program Files\\Mozilla Firefox\\firefox.exe" "-marionette" "-foreground" "-no-remote" "-profile" "C:\\Users\\13305\\AppData\\Local\\Temp\\rust_mozprofiledW2Iz0"
JavaScript error: resource://gre/modules/XULStore.jsm, line 66: Error: Can't find profile directory.
1591238804465	Marionette	INFO	Listening on port 50897
1591238804930	Marionette	WARN	TLS certificate errors will be ignored for this session
1591238818622	Marionette	INFO	Stopped listening on port 50897

###!!! [Child][RunMessage] Error: Channel closing: too late to send/recv, messages will be lost


###!!! [Child][MessageChannel::SendAndWait] Error: Channel error: cannot send/recv

1591238896321	mozrunner::runner	INFO	Running command: "C:\\Program Files\\Mozilla Firefox\\firefox.exe" "-marionette" "-foreground" "-no-remote" "-profile" "C:\\Users\\13305\\AppData\\Local\\Temp\\rust_mozprofileah3uuj"
JavaScript error: resource://gre/modules/XULStore.jsm, line 66: Error: Can't find profile directory.
1591238900119	Marionette	INFO	Listening on port 51044
1591238900435	Marionette	WARN	TLS certificate errors will be ignored for this session
1591238927354	Marionette	INFO	Stopped listening on port 51044

###!!! [Child][RunMessage] Error: Channel closing: too late to send/recv, messages will be lost


###!!! [Child][MessageChannel::SendAndWait] Error: Channel error: cannot send/recv

1591239360855	mozrunner::runner	INFO	Running command: "C:\\Program Files\\Mozilla Firefox\\firefox.exe" "-marionette" "-foreground" "-no-remote" "-profile" "C:\\Users\\13305\\AppData\\Local\\Temp\\rust_mozprofilemGXj7S"
JavaScript error: resource://gre/modules/XULStore.jsm, line 66: Error: Can't find profile directory.
1591239364492	Marionette	INFO	Listening on port 51418
1591239364976	Marionette	WARN	TLS certificate errors will be ignored for this session
JavaScript error: resource://gre/actors/AutoCompleteChild.jsm, line 196: Error: Invalid autocomplete selectedIndex
1591239390693	Marionette	INFO	Stopped listening on port 51418

###!!! [Child][RunMessage] Error: Channel closing: too late to send/recv, messages will be lost


###!!! [Child][MessageChannel::SendAndWait] Error: Channel error: cannot send/recv

1591239429506	mozrunner::runner	INFO	Running command: "C:\\Program Files\\Mozilla Firefox\\firefox.exe" "-marionette" "-foreground" "-no-remote" "-profile" "C:\\Users\\13305\\AppData\\Local\\Temp\\rust_mozprofilelLjErC"
JavaScript error: resource://gre/modules/XULStore.jsm, line 66: Error: Can't find profile directory.
1591239433125	Marionette	INFO	Listening on port 51508
1591239433634	Marionette	WARN	TLS certificate errors will be ignored for this session
JavaScript error: resource://gre/actors/AutoCompleteChild.jsm, line 196: Error: Invalid autocomplete selectedIndex
1591239435785	Marionette	INFO	Stopped listening on port 51508

###!!! [Child][MessageChannel::SendAndWait] Error: Channel error: cannot send/recv

1591371944273	mozrunner::runner	INFO	Running command: "C:\\Program Files\\Mozilla Firefox\\firefox.exe" "-marionette" "-foreground" "-no-remote" "-profile" "C:\\Users\\13305\\AppData\\Local\\Temp\\rust_mozprofile4RXSjQ"
JavaScript error: resource://gre/modules/XULStore.jsm, line 66: Error: Can't find profile directory.
1591371947380	Marionette	INFO	Listening on port 58281
1591371947406	Marionette	WARN	TLS certificate errors will be ignored for this session
1591371962764	Marionette	INFO	Stopped listening on port 58281

###!!! [Child][RunMessage] Error: Channel closing: too late to send/recv, messages will be lost


###!!! [Child][MessageChannel::SendAndWait] Error: Channel error: cannot send/recv

1591371970011	mozrunner::runner	INFO	Running command: "C:\\Program Files\\Mozilla Firefox\\firefox.exe" "-marionette" "-foreground" "-no-remote" "-profile" "C:\\Users\\13305\\AppData\\Local\\Temp\\rust_mozprofile8QNZyO"
JavaScript error: resource://gre/modules/XULStore.jsm, line 66: Error: Can't find profile directory.
1591371972466	Marionette	INFO	Listening on port 58322
1591371972625	Marionette	WARN	TLS certificate errors will be ignored for this session
1591372010661	Marionette	INFO	Stopped listening on port 58322

###!!! [Child][RunMessage] Error: Channel closing: too late to send/recv, messages will be lost


###!!! [Child][MessageChannel::SendAndWait] Error: Channel error: cannot send/recv

/modules/XULStore.jsm, line 66: Error: Can't find profile directory.
1591371999031	Marionette	INFO	Listening on port 58376
1591371999361	Marionette	WARN	TLS certificate errors will be ignored for this session
1591372020649	Marionette	INFO	Stopped listening on port 58376

###!!! [Child][RunMessage] Error: Channel closing: too late to send/recv, messages will be lost


###!!! [Child][MessageChannel::SendAndWait] Error: Channel error: cannot send/recv

1591372075964	mozrunner::runner	INFO	Running command: "C:\\Program Files\\Mozilla Firefox\\firefox.exe" "-marionette" "-foreground" "-no-remote" "-profile" "C:\\Users\\13305\\AppData\\Local\\Temp\\rust_mozprofileaHrdLe"
JavaScript error: resource://gre/modules/XULStore.jsm, line 66: Error: Can't find profile directory.
1591372078575	Marionette	INFO	Listening on port 58470
1591372079076	Marionette	WARN	TLS certificate errors will be ignored for this session
1591372166339	Marionette	INFO	Stopped listening on port 58470

###!!! [Child][RunMessage] Error: Channel closing: too late to send/recv, messages will be lost


###!!! [Child][RunMessage] Error: Channel closing: too late to send/recv, messages will be lost


###!!! [Child][MessageChannel::SendAndWait] Error: Channel error: cannot send/recv

1591372416909	mozrunner::runner	INFO	Running command: "C:\\Program Files\\Mozilla Firefox\\firefox.exe" "-marionette" "-foreground" "-no-remote" "-profile" "C:\\Users\\13305\\AppData\\Local\\Temp\\rust_mozprofile0VMYZl"
JavaScript error: resource://gre/modules/XULStore.jsm, line 66: Error: Can't find profile directory.
1591372419460	Marionette	INFO	Listening on port 58585
1591372419524	Marionette	WARN	TLS certificate errors will be ignored for this session
JavaScript error: resource://gre/actors/AutoCompleteChild.jsm, line 196: Error: Invalid autocomplete selectedIndex
1591372427826	Marionette	INFO	Stopped listening on port 58585

###!!! [Child][RunMessage] Error: Channel closing: too late to send/recv, messages will be lost


###!!! [Child][MessageChannel::SendAndWait] Error: Channel error: cannot send/recv

1591372445322	mozrunner::runner	INFO	Running command: "C:\\Program Files\\Mozilla Firefox\\firefox.exe" "-marionette" "-foreground" "-no-remote" "-profile" "C:\\Users\\13305\\AppData\\Local\\Temp\\rust_mozprofile4PNa3I"
JavaScript error: resource://gre/modules/XULStore.jsm, line 66: Error: Can't find profile directory.
1591372447925	Marionette	INFO	Listening on port 58641
1591372447944	Marionette	WARN	TLS certificate errors will be ignored for this session
JavaScript error: resource://gre/actors/AutoCompleteChild.jsm, line 196: Error: Invalid autocomplete selectedIndex
1591372449393	Marionette	INFO	Stopped listening on port 58641

###!!! [Child][RunMessage] Error: Channel closing: too late to send/recv, messages will be lost


###!!! [Child][MessageChannel::SendAndWait] Error: Channel error: cannot send/recv

